2024-10-07 19:43:10,200 [INFO] org.studyeasy.SpringRestdemo.SpringRestdemoApplication [main] Starting SpringRestdemoApplication using Java 17.0.12 with PID 20496 (C:\Users\dilee\OneDrive\Desktop\Spring Boot Restful Api porject files\S04L16 - Delete Album API\target\classes started by dilee in C:\Users\dilee\OneDrive\Desktop\Spring Boot Restful Api porject files\S04L16 - Delete Album API)
2024-10-07 19:43:10,216 [DEBUG] org.studyeasy.SpringRestdemo.SpringRestdemoApplication [main] Running with Spring Boot v3.0.1, Spring v6.0.3
2024-10-07 19:43:10,218 [INFO] org.studyeasy.SpringRestdemo.SpringRestdemoApplication [main] No active profile set, falling back to 1 default profile: "default"
2024-10-07 19:43:12,045 [INFO] org.springframework.data.repository.config.RepositoryConfigurationDelegate [main] Bootstrapping Spring Data JPA repositories in DEFAULT mode.
2024-10-07 19:43:12,237 [INFO] org.springframework.data.repository.config.RepositoryConfigurationDelegate [main] Finished Spring Data repository scanning in 170 ms. Found 3 JPA repository interfaces.
2024-10-07 19:43:13,471 [INFO] org.springframework.boot.web.embedded.tomcat.TomcatWebServer [main] Tomcat initialized with port(s): 8080 (http)
2024-10-07 19:43:13,494 [INFO] org.apache.catalina.core.StandardService [main] Starting service [Tomcat]
2024-10-07 19:43:13,497 [INFO] org.apache.catalina.core.StandardEngine [main] Starting Servlet engine: [Apache Tomcat/10.1.4]
2024-10-07 19:43:13,686 [INFO] org.apache.catalina.core.ContainerBase.[Tomcat].[localhost].[/] [main] Initializing Spring embedded WebApplicationContext
2024-10-07 19:43:13,686 [INFO] org.springframework.boot.web.servlet.context.ServletWebServerApplicationContext [main] Root WebApplicationContext: initialization completed in 3332 ms
2024-10-07 19:43:13,733 [INFO] com.zaxxer.hikari.HikariDataSource [main] HikariPool-1 - Starting...
2024-10-07 19:43:14,172 [INFO] com.zaxxer.hikari.pool.HikariPool [main] HikariPool-1 - Added connection conn0: url=jdbc:h2:file:./db/db user=ADMIN
2024-10-07 19:43:14,177 [INFO] com.zaxxer.hikari.HikariDataSource [main] HikariPool-1 - Start completed.
2024-10-07 19:43:14,196 [INFO] org.springframework.boot.autoconfigure.h2.H2ConsoleAutoConfiguration [main] H2 console available at '/db-console'. Database available at 'jdbc:h2:file:./db/db'
2024-10-07 19:43:14,440 [INFO] org.hibernate.jpa.internal.util.LogHelper [main] HHH000204: Processing PersistenceUnitInfo [name: default]
2024-10-07 19:43:14,567 [INFO] org.hibernate.Version [main] HHH000412: Hibernate ORM core version 6.1.6.Final
2024-10-07 19:43:14,943 [WARN] org.hibernate.orm.deprecation [main] HHH90000021: Encountered deprecated setting [javax.persistence.sharedCache.mode], use [jakarta.persistence.sharedCache.mode] instead
2024-10-07 19:43:15,210 [INFO] SQL dialect [main] HHH000400: Using dialect: org.hibernate.dialect.H2Dialect
2024-10-07 19:43:16,573 [INFO] org.hibernate.engine.transaction.jta.platform.internal.JtaPlatformInitiator [main] HHH000490: Using JtaPlatform implementation: [org.hibernate.engine.transaction.jta.platform.internal.NoJtaPlatform]
2024-10-07 19:43:16,584 [INFO] org.springframework.orm.jpa.LocalContainerEntityManagerFactoryBean [main] Initialized JPA EntityManagerFactory for persistence unit 'default'
2024-10-07 19:43:17,947 [WARN] org.springframework.boot.autoconfigure.orm.jpa.JpaBaseConfiguration$JpaWebConfiguration [main] spring.jpa.open-in-view is enabled by default. Therefore, database queries may be performed during view rendering. Explicitly configure spring.jpa.open-in-view to disable this warning
2024-10-07 19:43:19,333 [INFO] org.springframework.security.web.DefaultSecurityFilterChain [main] Will secure any request with [org.springframework.security.web.session.DisableEncodeUrlFilter@7f1b2f07, org.springframework.security.web.context.request.async.WebAsyncManagerIntegrationFilter@674d2b8b, org.springframework.security.web.context.SecurityContextHolderFilter@154208f2, org.springframework.security.web.header.HeaderWriterFilter@16e3d6d0, org.springframework.security.web.authentication.logout.LogoutFilter@6c569caf, org.springframework.security.oauth2.server.resource.web.authentication.BearerTokenAuthenticationFilter@202fd4c4, org.springframework.security.web.savedrequest.RequestCacheAwareFilter@f73a7cf, org.springframework.security.web.servletapi.SecurityContextHolderAwareRequestFilter@33a58fcb, org.springframework.security.web.authentication.AnonymousAuthenticationFilter@399a5a52, org.springframework.security.web.session.SessionManagementFilter@949f0d, org.springframework.security.web.access.ExceptionTranslationFilter@57a0aeb8, org.springframework.security.web.access.intercept.AuthorizationFilter@6889e714]
2024-10-07 19:43:19,761 [INFO] org.springframework.boot.web.embedded.tomcat.TomcatWebServer [main] Tomcat started on port(s): 8080 (http) with context path ''
2024-10-07 19:43:19,777 [INFO] org.studyeasy.SpringRestdemo.SpringRestdemoApplication [main] Started SpringRestdemoApplication in 10.415 seconds (process running for 11.097)
2024-10-07 19:43:33,496 [INFO] org.apache.catalina.core.ContainerBase.[Tomcat].[localhost].[/] [http-nio-8080-exec-1] Initializing Spring DispatcherServlet 'dispatcherServlet'
2024-10-07 19:43:33,497 [INFO] org.springframework.web.servlet.DispatcherServlet [http-nio-8080-exec-1] Initializing Servlet 'dispatcherServlet'
2024-10-07 19:43:33,497 [INFO] org.springframework.web.servlet.DispatcherServlet [http-nio-8080-exec-1] Completed initialization in 0 ms
2024-10-07 19:43:40,978 [INFO] org.springdoc.api.AbstractOpenApiResource [http-nio-8080-exec-1] Init duration for springdoc-openapi is: 843 ms
2024-10-07 20:26:26,243 [INFO] org.studyeasy.SpringRestdemo.SpringRestdemoApplication [main] Starting SpringRestdemoApplication using Java 17.0.12 with PID 14072 (C:\Users\dilee\OneDrive\Desktop\Spring Boot Restful Api porject files\S04L16 - Delete Album API\target\classes started by dilee in C:\Users\dilee\OneDrive\Desktop\Spring Boot Restful Api porject files\S04L16 - Delete Album API)
2024-10-07 20:26:26,248 [DEBUG] org.studyeasy.SpringRestdemo.SpringRestdemoApplication [main] Running with Spring Boot v3.0.1, Spring v6.0.3
2024-10-07 20:26:26,251 [INFO] org.studyeasy.SpringRestdemo.SpringRestdemoApplication [main] No active profile set, falling back to 1 default profile: "default"
2024-10-07 20:26:27,863 [INFO] org.springframework.data.repository.config.RepositoryConfigurationDelegate [main] Bootstrapping Spring Data JPA repositories in DEFAULT mode.
2024-10-07 20:26:27,993 [INFO] org.springframework.data.repository.config.RepositoryConfigurationDelegate [main] Finished Spring Data repository scanning in 108 ms. Found 3 JPA repository interfaces.
2024-10-07 20:26:29,148 [INFO] org.springframework.boot.web.embedded.tomcat.TomcatWebServer [main] Tomcat initialized with port(s): 8080 (http)
2024-10-07 20:26:29,170 [INFO] org.apache.catalina.core.StandardService [main] Starting service [Tomcat]
2024-10-07 20:26:29,172 [INFO] org.apache.catalina.core.StandardEngine [main] Starting Servlet engine: [Apache Tomcat/10.1.4]
2024-10-07 20:26:29,359 [INFO] org.apache.catalina.core.ContainerBase.[Tomcat].[localhost].[/] [main] Initializing Spring embedded WebApplicationContext
2024-10-07 20:26:29,362 [INFO] org.springframework.boot.web.servlet.context.ServletWebServerApplicationContext [main] Root WebApplicationContext: initialization completed in 3002 ms
2024-10-07 20:26:29,409 [INFO] com.zaxxer.hikari.HikariDataSource [main] HikariPool-1 - Starting...
2024-10-07 20:26:29,791 [INFO] com.zaxxer.hikari.pool.HikariPool [main] HikariPool-1 - Added connection conn0: url=jdbc:h2:file:./db/db user=ADMIN
2024-10-07 20:26:29,810 [INFO] com.zaxxer.hikari.HikariDataSource [main] HikariPool-1 - Start completed.
2024-10-07 20:26:29,840 [INFO] org.springframework.boot.autoconfigure.h2.H2ConsoleAutoConfiguration [main] H2 console available at '/db-console'. Database available at 'jdbc:h2:file:./db/db'
2024-10-07 20:26:30,047 [INFO] org.hibernate.jpa.internal.util.LogHelper [main] HHH000204: Processing PersistenceUnitInfo [name: default]
2024-10-07 20:26:30,136 [INFO] org.hibernate.Version [main] HHH000412: Hibernate ORM core version 6.1.6.Final
2024-10-07 20:26:30,445 [WARN] org.hibernate.orm.deprecation [main] HHH90000021: Encountered deprecated setting [javax.persistence.sharedCache.mode], use [jakarta.persistence.sharedCache.mode] instead
2024-10-07 20:26:30,663 [INFO] SQL dialect [main] HHH000400: Using dialect: org.hibernate.dialect.H2Dialect
2024-10-07 20:26:31,921 [INFO] org.hibernate.engine.transaction.jta.platform.internal.JtaPlatformInitiator [main] HHH000490: Using JtaPlatform implementation: [org.hibernate.engine.transaction.jta.platform.internal.NoJtaPlatform]
2024-10-07 20:26:31,935 [INFO] org.springframework.orm.jpa.LocalContainerEntityManagerFactoryBean [main] Initialized JPA EntityManagerFactory for persistence unit 'default'
2024-10-07 20:26:33,083 [WARN] org.springframework.boot.autoconfigure.orm.jpa.JpaBaseConfiguration$JpaWebConfiguration [main] spring.jpa.open-in-view is enabled by default. Therefore, database queries may be performed during view rendering. Explicitly configure spring.jpa.open-in-view to disable this warning
2024-10-07 20:26:34,331 [INFO] org.springframework.security.web.DefaultSecurityFilterChain [main] Will secure any request with [org.springframework.security.web.session.DisableEncodeUrlFilter@743b7025, org.springframework.security.web.context.request.async.WebAsyncManagerIntegrationFilter@5eadc347, org.springframework.security.web.context.SecurityContextHolderFilter@61627c9d, org.springframework.security.web.header.HeaderWriterFilter@580e01cd, org.springframework.security.web.authentication.logout.LogoutFilter@2c955487, org.springframework.security.oauth2.server.resource.web.authentication.BearerTokenAuthenticationFilter@70f0c352, org.springframework.security.web.savedrequest.RequestCacheAwareFilter@6f986031, org.springframework.security.web.servletapi.SecurityContextHolderAwareRequestFilter@2512155e, org.springframework.security.web.authentication.AnonymousAuthenticationFilter@28b16193, org.springframework.security.web.session.SessionManagementFilter@17e4beda, org.springframework.security.web.access.ExceptionTranslationFilter@7789526e, org.springframework.security.web.access.intercept.AuthorizationFilter@f73a7cf]
2024-10-07 20:26:34,765 [INFO] org.springframework.boot.web.embedded.tomcat.TomcatWebServer [main] Tomcat started on port(s): 8080 (http) with context path ''
2024-10-07 20:26:34,787 [INFO] org.studyeasy.SpringRestdemo.SpringRestdemoApplication [main] Started SpringRestdemoApplication in 9.35 seconds (process running for 9.942)
2024-10-07 20:28:15,709 [INFO] org.apache.catalina.core.ContainerBase.[Tomcat].[localhost].[/] [http-nio-8080-exec-1] Initializing Spring DispatcherServlet 'dispatcherServlet'
2024-10-07 20:28:15,711 [INFO] org.springframework.web.servlet.DispatcherServlet [http-nio-8080-exec-1] Initializing Servlet 'dispatcherServlet'
2024-10-07 20:28:15,714 [INFO] org.springframework.web.servlet.DispatcherServlet [http-nio-8080-exec-1] Completed initialization in 0 ms
2024-10-07 20:28:17,223 [INFO] org.springdoc.api.AbstractOpenApiResource [http-nio-8080-exec-9] Init duration for springdoc-openapi is: 896 ms
